 Resolving package versions...
 Installed Missings ──────────────────── v0.4.3
 Installed SortingAlgorithms ─────────── v0.3.1
 Installed Reexport ──────────────────── v0.2.0
 Installed Tables ────────────────────── v0.2.11
 Installed DataAPI ───────────────────── v1.1.0
 Installed PlotAxes ──────────────────── v0.2.4
 Installed IteratorInterfaceExtensions ─ v1.0.0
 Installed JSON ──────────────────────── v0.21.0
 Installed Requires ──────────────────── v0.5.2
 Installed PooledArrays ──────────────── v0.5.2
 Installed InvertedIndices ───────────── v1.0.0
 Installed Parsers ───────────────────── v0.3.10
 Installed DataStructures ────────────── v0.17.6
 Installed CategoricalArrays ─────────── v0.7.3
 Installed AxisArrays ────────────────── v0.3.3
 Installed TableTraits ───────────────── v1.0.0
 Installed IntervalSets ──────────────── v0.3.2
 Installed OrderedCollections ────────── v1.1.0
 Installed IterTools ─────────────────── v1.3.0
 Installed RangeArrays ───────────────── v0.3.1
 Installed Compat ────────────────────── v2.2.0
 Installed DataFrames ────────────────── v0.19.4
 Installed DataValueInterfaces ───────── v1.0.0
  Updating `~/.julia/environments/v1.4/Project.toml`
  [8b6f5f00] + PlotAxes v0.2.4
  Updating `~/.julia/environments/v1.4/Manifest.toml`
  [39de3d68] + AxisArrays v0.3.3
  [324d7699] + CategoricalArrays v0.7.3
  [34da2185] + Compat v2.2.0
  [9a962f9c] + DataAPI v1.1.0
  [a93c6f00] + DataFrames v0.19.4
  [864edb3b] + DataStructures v0.17.6
  [e2d170a0] + DataValueInterfaces v1.0.0
  [8197267c] + IntervalSets v0.3.2
  [41ab1584] + InvertedIndices v1.0.0
  [c8e1da08] + IterTools v1.3.0
  [82899510] + IteratorInterfaceExtensions v1.0.0
  [682c06a0] + JSON v0.21.0
  [e1d29d7a] + Missings v0.4.3
  [bac558e1] + OrderedCollections v1.1.0
  [69de0a69] + Parsers v0.3.10
  [8b6f5f00] + PlotAxes v0.2.4
  [2dfb63ee] + PooledArrays v0.5.2
  [b3c3ace0] + RangeArrays v0.3.1
  [189a3867] + Reexport v0.2.0
  [ae029012] + Requires v0.5.2
  [a2af1166] + SortingAlgorithms v0.3.1
  [3783bdb8] + TableTraits v1.0.0
  [bd369af6] + Tables v0.2.11
  [2a0f44e3] + Base64 
  [ade2ca70] + Dates 
  [8bb1440f] + DelimitedFiles 
  [8ba89e20] + Distributed 
  [9fa8497b] + Future 
  [b77e0a4c] + InteractiveUtils 
  [76f85450] + LibGit2 
  [8f399da3] + Libdl 
  [37e2e46d] + LinearAlgebra 
  [56ddb016] + Logging 
  [d6f4376e] + Markdown 
  [a63ad114] + Mmap 
  [44cfe95a] + Pkg 
  [de0858da] + Printf 
  [3fa0cd96] + REPL 
  [9a3f8284] + Random 
  [ea8e919c] + SHA 
  [9e88b42a] + Serialization 
  [1a1011a3] + SharedArrays 
  [6462fe0b] + Sockets 
  [2f01184e] + SparseArrays 
  [10745b16] + Statistics 
  [8dfed614] + Test 
  [cf7118a7] + UUIDs 
  [4ec0a83e] + Unicode 
  Building PlotAxes → `~/.julia/packages/PlotAxes/ATalY/deps/build.log`
┌ Error: Error building `PlotAxes`: 
│ ERROR: LoadError: ArgumentError: Package Pkg not found in current path:
│ - Run `import Pkg; Pkg.add("Pkg")` to install the Pkg package.
│ 
│ Stacktrace:
│  [1] require(::Module, ::Symbol) at ./loading.jl:885
│  [2] include(::String) at ./client.jl:439
│  [3] top-level scope at none:5
│ in expression starting at /root/.julia/packages/PlotAxes/ATalY/deps/build.jl:1
└ @ Pkg.Operations /buildworker/worker/package_linux64/build/usr/share/julia/stdlib/v1.4/Pkg/src/backwards_compatible_isolation.jl:601
   Testing PlotAxes
 Resolving package versions...
 Installed DiffResults ──────────── v0.0.4
 Installed Conda ────────────────── v1.3.0
 Installed Distances ────────────── v0.8.2
 Installed FillArrays ───────────── v0.7.4
 Installed Unitful ──────────────── v0.17.0
 Installed RCall ────────────────── v0.13.4
 Installed Gadfly ───────────────── v1.0.1
 Installed VersionParsing ───────── v1.1.3
 Installed BinDeps ──────────────── v0.8.10
 Installed AbstractFFTs ─────────── v0.5.0
 Installed DiffEqDiffTools ──────── v1.4.0
 Installed Optim ────────────────── v0.19.4
 Installed ArrayInterface ───────── v1.2.1
 Installed CoupledFields ────────── v0.1.0
 Installed StatsModels ──────────── v0.6.7
 Installed LineSearches ─────────── v7.0.1
 Installed Rmath ────────────────── v0.5.1
 Installed ForwardDiff ──────────── v0.10.6
 Installed NLSolversBase ────────── v7.5.0
 Installed Setfield ─────────────── v0.5.2
 Installed ConstructionBase ─────── v1.0.0
 Installed Calculus ─────────────── v0.5.1
 Installed OffsetArrays ─────────── v0.11.1
 Installed Parameters ───────────── v0.12.0
 Installed Distributions ────────── v0.21.8
 Installed Compose ──────────────── v0.7.3
 Installed DiffRules ────────────── v0.1.0
 Installed HTTP ─────────────────── v0.8.8
 Installed KernelDensity ────────── v0.5.1
 Installed TableTraitsUtils ─────── v1.0.1
 Installed IniFile ──────────────── v0.5.0
 Installed Arpack ───────────────── v0.3.1
 Installed QuadGK ───────────────── v2.1.1
 Installed FixedPointNumbers ────── v0.6.1
 Installed MbedTLS ──────────────── v0.7.0
 Installed FilePathsBase ────────── v0.6.2
 Installed Ratios ───────────────── v0.3.1
 Installed DataValues ───────────── v0.4.12
 Installed Contour ──────────────── v0.5.1
 Installed StaticArrays ─────────── v0.12.1
 Installed ShiftedArrays ────────── v1.0.0
 Installed URIParser ────────────── v0.4.0
 Installed PositiveFactorizations ─ v0.2.3
 Installed IndirectArrays ───────── v0.5.0
 Installed IterableTables ───────── v1.0.0
 Installed WoodburyMatrices ─────── v0.4.1
 Installed JSONSchema ───────────── v0.1.1
 Installed StatsFuns ────────────── v0.9.0
 Installed AxisAlgorithms ───────── v1.0.0
 Installed DocStringExtensions ──── v0.8.1
 Installed NaNMath ──────────────── v0.3.3
 Installed Media ────────────────── v0.5.0
 Installed CommonSubexpressions ─── v0.2.0
 Installed StatsBase ────────────── v0.32.0
 Installed FilePaths ────────────── v0.8.0
 Installed PDMats ───────────────── v0.9.10
 Installed NodeJS ───────────────── v1.0.0
 Installed Juno ─────────────────── v0.7.2
 Installed MacroTools ───────────── v0.5.2
 Installed Loess ────────────────── v0.5.0
 Installed BinaryProvider ───────── v0.5.8
 Installed FFTW ─────────────────── v1.1.0
 Installed ColorTypes ───────────── v0.8.0
 Installed WinReg ───────────────── v0.3.1
 Installed FileIO ───────────────── v1.0.7
 Installed Measures ─────────────── v0.3.0
 Installed SpecialFunctions ─────── v0.8.0
 Installed Showoff ──────────────── v0.3.1
 Installed Hexagons ─────────────── v0.2.0
 Installed Interpolations ───────── v0.12.5
 Installed Colors ───────────────── v0.9.6
 Installed VegaLite ─────────────── v1.0.0
  Building MbedTLS ─────────→ `~/.julia/packages/MbedTLS/a1JFn/deps/build.log`
  Building NodeJS ──────────→ `~/.julia/packages/NodeJS/aDNbW/deps/build.log`
No changes
  Building VegaLite ────────→ `~/.julia/packages/VegaLite/CzoMX/deps/build.log`
┌ Error: Error building `VegaLite`: 
│ 
│ > canvas@2.6.0 install /root/.julia/packages/VegaLite/CzoMX/deps/node_modules/canvas
│ > node-pre-gyp install --fallback-to-build
│ 
│ sh: 1: node-pre-gyp: Permission denied
│ npm ERR! code ELIFECYCLE
│ npm ERR! syscall spawn
│ npm ERR! file sh
│ npm ERR! errno ENOENT
│ npm ERR! canvas@2.6.0 install: `node-pre-gyp install --fallback-to-build`
│ npm ERR! spawn ENOENT
│ npm ERR! 
│ npm ERR! Failed at the canvas@2.6.0 install script.
│ npm ERR! This is probably not a problem with npm. There is likely additional logging output above.
│ 
│ npm ERR! A complete log of this run can be found in:
│ npm ERR!     /root/.npm/_logs/2019-11-23T22_48_54_439Z-debug.log
│ ERROR: LoadError: failed process: Process(setenv(`/root/.julia/packages/NodeJS/aDNbW/deps/bin/node-v12.13.0-linux-x64/bin/node /root/.julia/packages/NodeJS/aDNbW/deps/bin/node-v12.13.0-linux-x64/bin/npm install --scripts-prepend-node-path=true --production --no-package-lock --no-optional`; dir="/root/.julia/packages/VegaLite/CzoMX/deps"), ProcessExited(1)) [1]
│ 
│ Stacktrace:
│  [1] pipeline_error at ./process.jl:525 [inlined]
│  [2] run(::Cmd; wait::Bool) at ./process.jl:440
│  [3] run(::Cmd) at ./process.jl:438
│  [4] top-level scope at /root/.julia/packages/VegaLite/CzoMX/deps/build.jl:4
│  [5] include(::String) at ./client.jl:439
│  [6] top-level scope at none:5
│ in expression starting at /root/.julia/packages/VegaLite/CzoMX/deps/build.jl:4
└ @ Pkg.Operations /buildworker/worker/package_linux64/build/usr/share/julia/stdlib/v1.4/Pkg/src/backwards_compatible_isolation.jl:601
  Building Conda ───────────→ `~/.julia/packages/Conda/kLXeC/deps/build.log`
  Building RCall ───────────→ `~/.julia/packages/RCall/g7dhB/deps/build.log`
┌ Error: Error building `RCall`: 
│ ERROR: LoadError: R_HOME is not a directory.
│ Stacktrace:
│  [1] error(::String) at ./error.jl:33
│  [2] top-level scope at /root/.julia/packages/RCall/g7dhB/deps/build.jl:44
│  [3] include(::String) at ./client.jl:439
│  [4] top-level scope at none:5
│ in expression starting at /root/.julia/packages/RCall/g7dhB/deps/build.jl:10
└ @ Pkg.Operations /buildworker/worker/package_linux64/build/usr/share/julia/stdlib/v1.4/Pkg/src/backwards_compatible_isolation.jl:601
  Building Rmath ───────────→ `~/.julia/packages/Rmath/4wt82/deps/build.log`
  Building Arpack ──────────→ `~/.julia/packages/Arpack/cu5By/deps/build.log`
  Building FFTW ────────────→ `~/.julia/packages/FFTW/loJ3F/deps/build.log`
  Building SpecialFunctions → `~/.julia/packages/SpecialFunctions/ne2iw/deps/build.log`
Status `/tmp/jl_7wnud4/Manifest.toml`
  [621f4979] AbstractFFTs v0.5.0
  [7d9fca2a] Arpack v0.3.1
  [4fba245c] ArrayInterface v1.2.1
  [13072b0f] AxisAlgorithms v1.0.0
  [39de3d68] AxisArrays v0.3.3
  [9e28174c] BinDeps v0.8.10
  [b99e7846] BinaryProvider v0.5.8
  [49dc2e85] Calculus v0.5.1
  [324d7699] CategoricalArrays v0.7.3
  [3da002f7] ColorTypes v0.8.0
  [5ae59095] Colors v0.9.6
  [bbf7d656] CommonSubexpressions v0.2.0
  [34da2185] Compat v2.2.0
  [a81c6b42] Compose v0.7.3
  [8f4d0f93] Conda v1.3.0
  [187b0558] ConstructionBase v1.0.0
  [d38c429a] Contour v0.5.1
  [7ad07ef1] CoupledFields v0.1.0
  [9a962f9c] DataAPI v1.1.0
  [a93c6f00] DataFrames v0.19.4
  [864edb3b] DataStructures v0.17.6
  [e2d170a0] DataValueInterfaces v1.0.0
  [e7dc6d0d] DataValues v0.4.12
  [01453d9d] DiffEqDiffTools v1.4.0
  [163ba53b] DiffResults v0.0.4
  [b552c78f] DiffRules v0.1.0
  [b4f34e82] Distances v0.8.2
  [31c24e10] Distributions v0.21.8
  [ffbed154] DocStringExtensions v0.8.1
  [7a1cc6ca] FFTW v1.1.0
  [5789e2e9] FileIO v1.0.7
  [8fc22ac5] FilePaths v0.8.0
  [48062228] FilePathsBase v0.6.2
  [1a297f60] FillArrays v0.7.4
  [53c48c17] FixedPointNumbers v0.6.1
  [f6369f11] ForwardDiff v0.10.6
  [c91e804a] Gadfly v1.0.1
  [cd3eb016] HTTP v0.8.8
  [a1b4810d] Hexagons v0.2.0
  [9b13fd28] IndirectArrays v0.5.0
  [83e8ac13] IniFile v0.5.0
  [a98d9a8b] Interpolations v0.12.5
  [8197267c] IntervalSets v0.3.2
  [41ab1584] InvertedIndices v1.0.0
  [c8e1da08] IterTools v1.3.0
  [1c8ee90f] IterableTables v1.0.0
  [82899510] IteratorInterfaceExtensions v1.0.0
  [682c06a0] JSON v0.21.0
  [7d188eb4] JSONSchema v0.1.1
  [e5e0dc1b] Juno v0.7.2
  [5ab0869b] KernelDensity v0.5.1
  [d3d80556] LineSearches v7.0.1
  [4345ca2d] Loess v0.5.0
  [1914dd2f] MacroTools v0.5.2
  [739be429] MbedTLS v0.7.0
  [442fdcdd] Measures v0.3.0
  [e89f7d12] Media v0.5.0
  [e1d29d7a] Missings v0.4.3
  [d41bc354] NLSolversBase v7.5.0
  [77ba4419] NaNMath v0.3.3
  [2bd173c7] NodeJS v1.0.0
  [6fe1bfb0] OffsetArrays v0.11.1
  [429524aa] Optim v0.19.4
  [bac558e1] OrderedCollections v1.1.0
  [90014a1f] PDMats v0.9.10
  [d96e819e] Parameters v0.12.0
  [69de0a69] Parsers v0.3.10
  [8b6f5f00] PlotAxes v0.2.4
  [2dfb63ee] PooledArrays v0.5.2
  [85a6dd25] PositiveFactorizations v0.2.3
  [1fd47b50] QuadGK v2.1.1
  [6f49c342] RCall v0.13.4
  [b3c3ace0] RangeArrays v0.3.1
  [c84ed2f1] Ratios v0.3.1
  [189a3867] Reexport v0.2.0
  [ae029012] Requires v0.5.2
  [79098fc4] Rmath v0.5.1
  [efcf1570] Setfield v0.5.2
  [1277b4bf] ShiftedArrays v1.0.0
  [992d4aef] Showoff v0.3.1
  [a2af1166] SortingAlgorithms v0.3.1
  [276daf66] SpecialFunctions v0.8.0
  [90137ffa] StaticArrays v0.12.1
  [2913bbd2] StatsBase v0.32.0
  [4c63d2b9] StatsFuns v0.9.0
  [3eaba693] StatsModels v0.6.7
  [3783bdb8] TableTraits v1.0.0
  [382cd787] TableTraitsUtils v1.0.1
  [bd369af6] Tables v0.2.11
  [30578b45] URIParser v0.4.0
  [1986cc42] Unitful v0.17.0
  [112f6efa] VegaLite v1.0.0
  [81def892] VersionParsing v1.1.3
  [1b915085] WinReg v0.3.1
  [efce3f68] WoodburyMatrices v0.4.1
  [2a0f44e3] Base64  [`@stdlib/Base64`]
  [ade2ca70] Dates  [`@stdlib/Dates`]
  [8bb1440f] DelimitedFiles  [`@stdlib/DelimitedFiles`]
  [8ba89e20] Distributed  [`@stdlib/Distributed`]
  [9fa8497b] Future  [`@stdlib/Future`]
  [b77e0a4c] InteractiveUtils  [`@stdlib/InteractiveUtils`]
  [76f85450] LibGit2  [`@stdlib/LibGit2`]
  [8f399da3] Libdl  [`@stdlib/Libdl`]
  [37e2e46d] LinearAlgebra  [`@stdlib/LinearAlgebra`]
  [56ddb016] Logging  [`@stdlib/Logging`]
  [d6f4376e] Markdown  [`@stdlib/Markdown`]
  [a63ad114] Mmap  [`@stdlib/Mmap`]
  [44cfe95a] Pkg  [`@stdlib/Pkg`]
  [de0858da] Printf  [`@stdlib/Printf`]
  [9abbd945] Profile  [`@stdlib/Profile`]
  [3fa0cd96] REPL  [`@stdlib/REPL`]
  [9a3f8284] Random  [`@stdlib/Random`]
  [ea8e919c] SHA  [`@stdlib/SHA`]
  [9e88b42a] Serialization  [`@stdlib/Serialization`]
  [1a1011a3] SharedArrays  [`@stdlib/SharedArrays`]
  [6462fe0b] Sockets  [`@stdlib/Sockets`]
  [2f01184e] SparseArrays  [`@stdlib/SparseArrays`]
  [10745b16] Statistics  [`@stdlib/Statistics`]
  [4607b0f0] SuiteSparse  [`@stdlib/SuiteSparse`]
  [8dfed614] Test  [`@stdlib/Test`]
  [cf7118a7] UUIDs  [`@stdlib/UUIDs`]
  [4ec0a83e] Unicode  [`@stdlib/Unicode`]
ERROR: LoadError: ArgumentError: Package Pkg not found in current path:
- Run `import Pkg; Pkg.add("Pkg")` to install the Pkg package.

Stacktrace:
 [1] require(::Module, ::Symbol) at ./loading.jl:885
 [2] include(::String) at ./client.jl:439
 [3] top-level scope at none:6
in expression starting at /root/.julia/packages/PlotAxes/ATalY/test/runtests.jl:5
ERROR: Package PlotAxes errored during testing
Stacktrace:
 [1] pkgerror(::String, ::Vararg{String,N} where N) at /buildworker/worker/package_linux64/build/usr/share/julia/stdlib/v1.4/Pkg/src/Types.jl:53
 [2] test(::Pkg.Types.Context, ::Array{Pkg.Types.PackageSpec,1}; coverage::Bool, test_fn::Nothing, julia_args::Cmd, test_args::Cmd) at /buildworker/worker/package_linux64/build/usr/share/julia/stdlib/v1.4/Pkg/src/Operations.jl:1379
 [3] test(::Pkg.Types.Context, ::Array{Pkg.Types.PackageSpec,1}; coverage::Bool, test_fn::Nothing, julia_args::Cmd, test_args::Cmd, kwargs::Base.Iterators.Pairs{Union{},Union{},Tuple{},NamedTuple{(),Tuple{}}}) at /buildworker/worker/package_linux64/build/usr/share/julia/stdlib/v1.4/Pkg/src/API.jl:287
 [4] test(::Pkg.Types.Context, ::Array{Pkg.Types.PackageSpec,1}) at /buildworker/worker/package_linux64/build/usr/share/julia/stdlib/v1.4/Pkg/src/API.jl:274
 [5] #test#56 at /buildworker/worker/package_linux64/build/usr/share/julia/stdlib/v1.4/Pkg/src/API.jl:268 [inlined]
 [6] test at /buildworker/worker/package_linux64/build/usr/share/julia/stdlib/v1.4/Pkg/src/API.jl:268 [inlined]
 [7] #test#55 at /buildworker/worker/package_linux64/build/usr/share/julia/stdlib/v1.4/Pkg/src/API.jl:267 [inlined]
 [8] test at /buildworker/worker/package_linux64/build/usr/share/julia/stdlib/v1.4/Pkg/src/API.jl:267 [inlined]
 [9] test(::String; kwargs::Base.Iterators.Pairs{Union{},Union{},Tuple{},NamedTuple{(),Tuple{}}}) at /buildworker/worker/package_linux64/build/usr/share/julia/stdlib/v1.4/Pkg/src/API.jl:266
 [10] test(::String) at /buildworker/worker/package_linux64/build/usr/share/julia/stdlib/v1.4/Pkg/src/API.jl:266
 [11] top-level scope at none:10
