 Resolving package versions...
 Installed XPA ─ v0.0.1
  Updating `~/.julia/environments/v1.0/Project.toml`
  [d310a076] + XPA v0.0.1
  Updating `~/.julia/environments/v1.0/Manifest.toml`
  [d310a076] + XPA v0.0.1
  Building XPA → `~/.julia/packages/XPA/DgLur/deps/build.log`
┌ Error: Error building `XPA`: 
│ if test "" != ""; then \
│     defs="-DXPA_DLL=\"\\\"\\\"\""; \
│     libs=""; \
│ elif test "" != ""; then \
│     defs="-UXPA_DLL"; \
│     libs=""; \
│ else \
│     defs="-UXPA_DLL"; \
│     libs="-lxpa"; \
│ fi; \
│ cc   $defs  -o "gencode" "gencode.c" $libs 
│ gencode.c:14:10: fatal error: xpa.h: No such file or directory
│  #include <xpa.h>
│           ^~~~~~~
│ compilation terminated.
│ Makefile:28: recipe for target 'gencode' failed
│ make: *** [gencode] Error 1
│ ERROR: LoadError: failed process: Process(`make`, ProcessExited(2)) [2]
│ Stacktrace:
│  [1] error(::String, ::Base.Process, ::String, ::Int64, ::String) at ./error.jl:42
│  [2] pipeline_error at ./process.jl:705 [inlined]
│  [3] #run#505(::Bool, ::Function, ::Cmd) at ./process.jl:663
│  [4] run(::Cmd) at ./process.jl:661
│  [5] top-level scope at none:0
│  [6] include at ./boot.jl:317 [inlined]
│  [7] include_relative(::Module, ::String) at ./loading.jl:1044
│  [8] include(::Module, ::String) at ./sysimg.jl:29
│  [9] include(::String) at ./client.jl:392
│  [10] top-level scope at none:0
│ in expression starting at /root/.julia/packages/XPA/DgLur/deps/build.jl:1
└ @ Pkg.Operations /buildworker/worker/package_linux64/build/usr/share/julia/stdlib/v1.0/Pkg/src/Operations.jl:1096
   Testing XPA
    Status `/tmp/tmp0233ft/Manifest.toml`
  [d310a076] XPA v0.0.1
ERROR: LoadError: XPA not properly installed.  Please run Pkg.build("XPA")
Stacktrace:
 [1] error(::String) at ./error.jl:33
 [2] top-level scope at /root/.julia/packages/XPA/DgLur/src/XPA.jl:25
 [3] include at ./boot.jl:317 [inlined]
 [4] include_relative(::Module, ::String) at ./loading.jl:1044
 [5] include(::Module, ::String) at ./sysimg.jl:29
 [6] top-level scope at none:2
 [7] eval at ./boot.jl:319 [inlined]
 [8] eval(::Expr) at ./client.jl:393
 [9] top-level scope at ./none:3
in expression starting at /root/.julia/packages/XPA/DgLur/src/XPA.jl:22
ERROR: LoadError: Failed to precompile XPA [d310a076-6a08-52b6-ab78-79baa254182b] to /root/.julia/compiled/v1.0/XPA/yg1lA.ji.
Stacktrace:
 [1] error(::String) at ./error.jl:33
 [2] compilecache(::Base.PkgId, ::String) at ./loading.jl:1203
 [3] _require(::Base.PkgId) at ./loading.jl:960
 [4] require(::Base.PkgId) at ./loading.jl:858
 [5] require(::Module, ::Symbol) at ./loading.jl:853
 [6] include at ./boot.jl:317 [inlined]
 [7] include_relative(::Module, ::String) at ./loading.jl:1044
 [8] include(::Module, ::String) at ./sysimg.jl:29
 [9] include(::String) at ./client.jl:392
 [10] top-level scope at none:0
in expression starting at /root/.julia/packages/XPA/DgLur/test/runtests.jl:13
ERROR: Package XPA errored during testing
Stacktrace:
 [1] pkgerror(::String, ::Vararg{String,N} where N) at /buildworker/worker/package_linux64/build/usr/share/julia/stdlib/v1.0/Pkg/src/Types.jl:120
 [2] #test#65(::Bool, ::Function, ::Pkg.Types.Context, ::Array{Pkg.Types.PackageSpec,1}) at /buildworker/worker/package_linux64/build/usr/share/julia/stdlib/v1.0/Pkg/src/Operations.jl:1357
 [3] #test at /buildworker/worker/package_linux64/build/usr/share/julia/stdlib/v1.0/Pkg/src/API.jl:0 [inlined]
 [4] #test#44(::Bool, ::Base.Iterators.Pairs{Union{},Union{},Tuple{},NamedTuple{(),Tuple{}}}, ::Function, ::Pkg.Types.Context, ::Array{Pkg.Types.PackageSpec,1}) at /buildworker/worker/package_linux64/build/usr/share/julia/stdlib/v1.0/Pkg/src/API.jl:278
 [5] test at /buildworker/worker/package_linux64/build/usr/share/julia/stdlib/v1.0/Pkg/src/API.jl:263 [inlined]
 [6] #test#43 at /buildworker/worker/package_linux64/build/usr/share/julia/stdlib/v1.0/Pkg/src/API.jl:260 [inlined]
 [7] test at /buildworker/worker/package_linux64/build/usr/share/julia/stdlib/v1.0/Pkg/src/API.jl:260 [inlined]
 [8] #test#42 at /buildworker/worker/package_linux64/build/usr/share/julia/stdlib/v1.0/Pkg/src/API.jl:259 [inlined]
 [9] test at /buildworker/worker/package_linux64/build/usr/share/julia/stdlib/v1.0/Pkg/src/API.jl:259 [inlined]
 [10] #test#41 at /buildworker/worker/package_linux64/build/usr/share/julia/stdlib/v1.0/Pkg/src/API.jl:258 [inlined]
 [11] test(::String) at /buildworker/worker/package_linux64/build/usr/share/julia/stdlib/v1.0/Pkg/src/API.jl:258
 [12] top-level scope at none:0
