 Resolving package versions...
 Installed URIParser â”€â”€â”€â”€â”€â”€â”€ v0.4.0
 Installed HTTPClient â”€â”€â”€â”€â”€â”€ v0.2.1
 Installed WinRPM â”€â”€â”€â”€â”€â”€â”€â”€â”€â”€ v0.4.2
 Installed BinDeps â”€â”€â”€â”€â”€â”€â”€â”€â”€ v0.8.10
 Installed LibExpat â”€â”€â”€â”€â”€â”€â”€â”€ v0.5.0
 Installed BufferedStreams â”€ v1.0.0
 Installed BinaryProvider â”€â”€ v0.5.8
 Installed PackageCompiler â”€ v0.6.4
 Installed Libz â”€â”€â”€â”€â”€â”€â”€â”€â”€â”€â”€â”€ v1.0.0
 Installed LibCURL â”€â”€â”€â”€â”€â”€â”€â”€â”€ v0.5.2
 Installed Compat â”€â”€â”€â”€â”€â”€â”€â”€â”€â”€ v2.2.0
  Updating `~/.julia/environments/v1.0/Project.toml`
  [9b87118b] + PackageCompiler v0.6.4
  Updating `~/.julia/environments/v1.0/Manifest.toml`
  [9e28174c] + BinDeps v0.8.10
  [b99e7846] + BinaryProvider v0.5.8
  [e1450e63] + BufferedStreams v1.0.0
  [34da2185] + Compat v2.2.0
  [0862f596] + HTTPClient v0.2.1
  [b27032c2] + LibCURL v0.5.2
  [522f3ed2] + LibExpat v0.5.0
  [2ec943e9] + Libz v1.0.0
  [9b87118b] + PackageCompiler v0.6.4
  [30578b45] + URIParser v0.4.0
  [c17dfb99] + WinRPM v0.4.2
  [2a0f44e3] + Base64 
  [ade2ca70] + Dates 
  [8bb1440f] + DelimitedFiles 
  [8ba89e20] + Distributed 
  [b77e0a4c] + InteractiveUtils 
  [76f85450] + LibGit2 
  [8f399da3] + Libdl 
  [37e2e46d] + LinearAlgebra 
  [56ddb016] + Logging 
  [d6f4376e] + Markdown 
  [a63ad114] + Mmap 
  [44cfe95a] + Pkg 
  [de0858da] + Printf 
  [3fa0cd96] + REPL 
  [9a3f8284] + Random 
  [ea8e919c] + SHA 
  [9e88b42a] + Serialization 
  [1a1011a3] + SharedArrays 
  [6462fe0b] + Sockets 
  [2f01184e] + SparseArrays 
  [10745b16] + Statistics 
  [8dfed614] + Test 
  [cf7118a7] + UUIDs 
  [4ec0a83e] + Unicode 
  Building LibCURL â”€â”€â”€â”€â”€â”€â”€â”€â†’ `~/.julia/packages/LibCURL/lWJxD/deps/build.log`
  Building WinRPM â”€â”€â”€â”€â”€â”€â”€â”€â”€â†’ `~/.julia/packages/WinRPM/Y9QdZ/deps/build.log`
  Building PackageCompiler â†’ `~/.julia/packages/PackageCompiler/CJQcs/deps/build.log`
   Testing PackageCompiler
 Resolving package versions...
 Installed JSON â”€â”€â”€â”€â”€â”€â”€â”€â”€â”€â”€â”€â”€â”€â”€ v0.21.0
 Installed Missings â”€â”€â”€â”€â”€â”€â”€â”€â”€â”€â”€ v0.4.3
 Installed OffsetArrays â”€â”€â”€â”€â”€â”€â”€ v0.11.1
 Installed FixedPointNumbers â”€â”€ v0.6.1
 Installed ArgParse â”€â”€â”€â”€â”€â”€â”€â”€â”€â”€â”€ v0.6.2
 Installed ColorTypes â”€â”€â”€â”€â”€â”€â”€â”€â”€ v0.8.0
 Installed DataStructures â”€â”€â”€â”€â”€ v0.17.6
 Installed UnicodePlots â”€â”€â”€â”€â”€â”€â”€ v1.1.0
 Installed Parsers â”€â”€â”€â”€â”€â”€â”€â”€â”€â”€â”€â”€ v0.3.10
 Installed OrderedCollections â”€ v1.1.0
 Installed DataAPI â”€â”€â”€â”€â”€â”€â”€â”€â”€â”€â”€â”€ v1.1.0
 Installed SortingAlgorithms â”€â”€ v0.3.1
 Installed TextWrap â”€â”€â”€â”€â”€â”€â”€â”€â”€â”€â”€ v0.3.0
 Installed StatsBase â”€â”€â”€â”€â”€â”€â”€â”€â”€â”€ v0.32.0
    Status `/tmp/tmpoxtuNY/Manifest.toml`
  [c7e460c6] ArgParse v0.6.2
  [9e28174c] BinDeps v0.8.10
  [b99e7846] BinaryProvider v0.5.8
  [e1450e63] BufferedStreams v1.0.0
  [3da002f7] ColorTypes v0.8.0
  [34da2185] Compat v2.2.0
  [9a962f9c] DataAPI v1.1.0
  [864edb3b] DataStructures v0.17.6
  [53c48c17] FixedPointNumbers v0.6.1
  [0862f596] HTTPClient v0.2.1
  [682c06a0] JSON v0.21.0
  [b27032c2] LibCURL v0.5.2
  [522f3ed2] LibExpat v0.5.0
  [2ec943e9] Libz v1.0.0
  [e1d29d7a] Missings v0.4.3
  [6fe1bfb0] OffsetArrays v0.11.1
  [bac558e1] OrderedCollections v1.1.0
  [9b87118b] PackageCompiler v0.6.4
  [69de0a69] Parsers v0.3.10
  [a2af1166] SortingAlgorithms v0.3.1
  [2913bbd2] StatsBase v0.32.0
  [b718987f] TextWrap v0.3.0
  [30578b45] URIParser v0.4.0
  [b8865327] UnicodePlots v1.1.0
  [c17dfb99] WinRPM v0.4.2
  [2a0f44e3] Base64  [`@stdlib/Base64`]
  [ade2ca70] Dates  [`@stdlib/Dates`]
  [8bb1440f] DelimitedFiles  [`@stdlib/DelimitedFiles`]
  [8ba89e20] Distributed  [`@stdlib/Distributed`]
  [b77e0a4c] InteractiveUtils  [`@stdlib/InteractiveUtils`]
  [76f85450] LibGit2  [`@stdlib/LibGit2`]
  [8f399da3] Libdl  [`@stdlib/Libdl`]
  [37e2e46d] LinearAlgebra  [`@stdlib/LinearAlgebra`]
  [56ddb016] Logging  [`@stdlib/Logging`]
  [d6f4376e] Markdown  [`@stdlib/Markdown`]
  [a63ad114] Mmap  [`@stdlib/Mmap`]
  [44cfe95a] Pkg  [`@stdlib/Pkg`]
  [de0858da] Printf  [`@stdlib/Printf`]
  [3fa0cd96] REPL  [`@stdlib/REPL`]
  [9a3f8284] Random  [`@stdlib/Random`]
  [ea8e919c] SHA  [`@stdlib/SHA`]
  [9e88b42a] Serialization  [`@stdlib/Serialization`]
  [1a1011a3] SharedArrays  [`@stdlib/SharedArrays`]
  [6462fe0b] Sockets  [`@stdlib/Sockets`]
  [2f01184e] SparseArrays  [`@stdlib/SparseArrays`]
  [10745b16] Statistics  [`@stdlib/Statistics`]
  [8dfed614] Test  [`@stdlib/Test`]
  [cf7118a7] UUIDs  [`@stdlib/UUIDs`]
  [4ec0a83e] Unicode  [`@stdlib/Unicode`]
  Updating registry at `~/.julia/registries/General`
  Updating git-repo `https://github.com/JuliaRegistries/General.git`
[?25l[2K[?25hâ”Œ Warning: Some registries failed to update:
â”‚     â€” /root/.julia/registries/General â€” failed to fetch from repo
â”” @ Pkg.API /buildworker/worker/package_linux64/build/usr/share/julia/stdlib/v1.0/Pkg/src/API.jl:162
 Resolving package versions...
  Updating `~/.julia/packages/PackageCompiler/CJQcs/packages/FixedPointNumbers/Project.toml`
 [no changes]
 Resolving package versions...
  Updating `~/.julia/packages/PackageCompiler/CJQcs/packages/FixedPointNumbers/Project.toml`
  [9b87118b] + PackageCompiler v0.6.4
  [44cfe95a] + Pkg 
  Updating `~/.julia/packages/PackageCompiler/CJQcs/packages/FixedPointNumbers/Manifest.toml`
  [9e28174c] + BinDeps v0.8.10
  [b99e7846] + BinaryProvider v0.5.8
  [e1450e63] + BufferedStreams v1.0.0
  [34da2185] + Compat v2.2.0
  [0862f596] + HTTPClient v0.2.1
  [b27032c2] + LibCURL v0.5.2
  [522f3ed2] + LibExpat v0.5.0
  [2ec943e9] + Libz v1.0.0
  [9b87118b] + PackageCompiler v0.6.4
  [30578b45] + URIParser v0.4.0
  [c17dfb99] + WinRPM v0.4.2
  [2a0f44e3] + Base64 
  [ade2ca70] + Dates 
  [8bb1440f] + DelimitedFiles 
  [8ba89e20] + Distributed 
  [b77e0a4c] + InteractiveUtils 
  [76f85450] + LibGit2 
  [8f399da3] + Libdl 
  [37e2e46d] + LinearAlgebra 
  [56ddb016] + Logging 
  [d6f4376e] + Markdown 
  [a63ad114] + Mmap 
  [44cfe95a] + Pkg 
  [de0858da] + Printf 
  [3fa0cd96] + REPL 
  [9a3f8284] + Random 
  [ea8e919c] + SHA 
  [9e88b42a] + Serialization 
  [1a1011a3] + SharedArrays 
  [6462fe0b] + Sockets 
  [2f01184e] + SparseArrays 
  [10745b16] + Statistics 
  [8dfed614] + Test 
  [cf7118a7] + UUIDs 
  [4ec0a83e] + Unicode 
[ Info: activating new environment at ~/.julia/packages/PackageCompiler/CJQcs/packages/FixedPointNumbers/Project.toml.
  Updating registry at `~/.julia/registries/General`
  Updating git-repo `https://github.com/JuliaRegistries/General.git`
[?25l[2K[?25hâ”Œ Warning: Some registries failed to update:
â”‚     â€” /root/.julia/registries/General â€” failed to fetch from repo
â”” @ Pkg.API /buildworker/worker/package_linux64/build/usr/share/julia/stdlib/v1.0/Pkg/src/API.jl:162
Skipping Base.active_repl
Skipping Base.active_repl_backend
Test Summary: |     Pass     Total
normed        | 63739463  63739463
Test Summary: |   Pass   Total
fixed         | 425852  425852
Test Summary: | Pass  Total
traits        |  251    251
[ Info: used 1841 out of 1841 precompile statements
â”Œ Info: Building `inference.o`:
â”” `/opt/julia/bin/julia -C native --output-ji /root/.julia/packages/PackageCompiler/CJQcs/sysimg/backup/native/basecompiler.ji --output-o /root/.julia/packages/PackageCompiler/CJQcs/sysimg/backup/native/basecompiler.o compiler/compiler.jl`
essentials.jl
some.jl
ctypes.jl
generator.jl
reflection.jl
options.jl
promotion.jl
tuple.jl
pair.jl
traits.jl
range.jl
expr.jl
error.jl
bool.jl
number.jl
int.jl
operators.jl
pointer.jl
refvalue.jl
indices.jl
array.jl
abstractarray.jl
bitarray.jl
bitset.jl
abstractdict.jl
abstractset.jl
iterators.jl
namedtuple.jl
docs/core.jl
ordering.jl
sort.jl
compiler/utilities.jl
compiler/validation.jl
compiler/inferenceresult.jl
compiler/params.jl
compiler/inferencestate.jl
compiler/typeutils.jl
compiler/typelimits.jl
compiler/typelattice.jl
compiler/tfuncs.jl
compiler/abstractinterpretation.jl
compiler/typeinfer.jl
compiler/optimize.jl
compiler/ssair/driver.jl
compiler/ssair/ir.jl
compiler/ssair/domtree.jl
compiler/ssair/slot2ssa.jl
compiler/ssair/queries.jl
compiler/ssair/passes.jl
compiler/ssair/inlining.jl
compiler/ssair/verify.jl
compiler/ssair/legacy.jl
compiler/bootstrap.jl
â”Œ Info: Building `sys.o`:
â”” `/opt/julia/bin/julia -C native --output-ji /root/.julia/packages/PackageCompiler/CJQcs/sysimg/backup/native/sys.ji --output-o /root/.julia/packages/PackageCompiler/CJQcs/sysimg/backup/native/sys.o -J /root/.julia/packages/PackageCompiler/CJQcs/sysimg/backup/native/basecompiler.ji --startup-file=no sysimg.jl`
coreio.jl
exports.jl
essentials.jl
ctypes.jl
gcutils.jl
generator.jl
reflection.jl
options.jl
promotion.jl
tuple.jl
pair.jl
traits.jl
range.jl
expr.jl
error.jl
bool.jl
number.jl
int.jl
operators.jl
pointer.jl
refvalue.jl
refpointer.jl
checked.jl
indices.jl
array.jl
abstractarray.jl
subarray.jl
views.jl
abstractdict.jl
iterators.jl
namedtuple.jl
hashing.jl
rounding.jl
float.jl
twiceprecision.jl
complex.jl
rational.jl
multinverses.jl
abstractarraymath.jl
arraymath.jl
simdloop.jl
reduce.jl
reshapedarray.jl
reinterpretarray.jl
bitarray.jl
bitset.jl
some.jl
dict.jl
abstractset.jl
set.jl
char.jl
strings/basic.jl
strings/string.jl
strings/substring.jl
build_h.jl
version_git.jl
osutils.jl
c.jl
io.jl
iostream.jl
iobuffer.jl
intfuncs.jl
strings/strings.jl
strings/search.jl
strings/unicode.jl
strings/util.jl
strings/io.jl
parse.jl
shell.jl
regex.jl
pcre.jl
show.jl
arrayshow.jl
cartesian.jl
multidimensional.jl
permuteddimsarray.jl
broadcast.jl
missing.jl
version.jl
sysinfo.jl
libc.jl
env.jl
libuv.jl
uv_constants.jl
event.jl
task.jl
lock.jl
threads.jl
weakkeydict.jl
logging.jl
stream.jl
filesystem.jl
process.jl
grisu/grisu.jl
methodshow.jl
secretbuffer.jl
floatfuncs.jl
math.jl
reducedim.jl
accumulate.jl
ordering.jl
sort.jl
fastmath.jl
gmp.jl
mpfr.jl
combinatorics.jl
hashing2.jl
irrationals.jl
mathconstants.jl
printf.jl
meta.jl
Enums.jl
channels.jl
deepcopy.jl
download.jl
summarysize.jl
errorshow.jl
stacktraces.jl
initdefs.jl
threadcall.jl
uuid.jl
loading.jl
util.jl
asyncmap.jl
multimedia.jl
deprecated.jl
docs/basedocs.jl
client.jl
docs/Docs.jl
Base  â”€â”€â”€â”€â”€â”€â”€â”€â”€â”€â”€ 76.428326 seconds
Base64  â”€â”€â”€â”€â”€â”€â”€â”€â”€  9.293200 seconds
CRC32c  â”€â”€â”€â”€â”€â”€â”€â”€â”€  0.016201 seconds
SHA  â”€â”€â”€â”€â”€â”€â”€â”€â”€â”€â”€â”€  0.558143 seconds
FileWatching  â”€â”€â”€  0.355818 seconds
Unicode  â”€â”€â”€â”€â”€â”€â”€â”€  0.024874 seconds
Mmap  â”€â”€â”€â”€â”€â”€â”€â”€â”€â”€â”€  0.221133 seconds
Serialization  â”€â”€  7.621670 seconds
Libdl  â”€â”€â”€â”€â”€â”€â”€â”€â”€â”€  0.285530 seconds
Markdown  â”€â”€â”€â”€â”€â”€â”€  7.724043 seconds
LibGit2  â”€â”€â”€â”€â”€â”€â”€â”€  9.824103 seconds
Logging  â”€â”€â”€â”€â”€â”€â”€â”€  0.753425 seconds
Sockets  â”€â”€â”€â”€â”€â”€â”€â”€  5.648216 seconds
Printf  â”€â”€â”€â”€â”€â”€â”€â”€â”€  0.015117 seconds
Profile  â”€â”€â”€â”€â”€â”€â”€â”€  0.522147 seconds
Dates  â”€â”€â”€â”€â”€â”€â”€â”€â”€â”€  6.655996 seconds
DelimitedFiles  â”€  0.384479 seconds
Random  â”€â”€â”€â”€â”€â”€â”€â”€â”€  2.138635 seconds
UUIDs  â”€â”€â”€â”€â”€â”€â”€â”€â”€â”€  0.015710 seconds
Future  â”€â”€â”€â”€â”€â”€â”€â”€â”€  0.013899 seconds
LinearAlgebra  â”€â”€ 33.949784 seconds
SparseArrays  â”€â”€â”€  9.923890 seconds
SuiteSparse  â”€â”€â”€â”€  3.059655 seconds
Distributed  â”€â”€â”€â”€ 20.397684 seconds
SharedArrays  â”€â”€â”€  0.541703 seconds
Pkg  â”€â”€â”€â”€â”€â”€â”€â”€â”€â”€â”€â”€ 39.076244 seconds
Test  â”€â”€â”€â”€â”€â”€â”€â”€â”€â”€â”€  7.711684 seconds
REPL  â”€â”€â”€â”€â”€â”€â”€â”€â”€â”€â”€  5.440124 seconds
Statistics  â”€â”€â”€â”€â”€  0.530857 seconds
Stdlibs total  â”€â”€173.465488 seconds
Sysimage built. Summary:
Total â”€â”€â”€â”€â”€â”€â”€ 249.901497 seconds 
Base: â”€â”€â”€â”€â”€â”€â”€  76.428326 seconds 30.5834%
Stdlibs: â”€â”€â”€â”€ 173.465488 seconds 69.4135%
Build shared library "/root/.julia/packages/PackageCompiler/CJQcs/sysimg/backup/native/sys.so":
  `cc -shared '-DJULIAC_PROGRAM_LIBNAME="/root/.julia/packages/PackageCompiler/CJQcs/sysimg/backup/native/sys.so"' -o /root/.julia/packages/PackageCompiler/CJQcs/sysimg/backup/native/sys.so -Wl,--whole-archive /root/.julia/packages/PackageCompiler/CJQcs/sysimg/backup/native/sys.o -Wl,--no-whole-archive -std=gnu99 -I/opt/julia/include/julia -DJULIA_ENABLE_THREADING=1 -fPIC -L/opt/julia/lib -Wl,--export-dynamic -Wl,-rpath,/opt/julia/lib -Wl,-rpath,/opt/julia/lib/julia -ljulia -m64`
Julia program file:
  "/root/.julia/packages/PackageCompiler/CJQcs/sysimg/precompile.jl"
Build directory:
  "/root/.julia/packages/PackageCompiler/CJQcs/sysimg"
Build static library "sys.a":
  atexit_hook_copy = copy(Base.atexit_hooks) # make backup
# clean state so that any package we use can carelessly call atexit
empty!(Base.atexit_hooks)
Base.__init__()
Sys.__init__() #fix https://github.com/JuliaLang/julia/issues/30479
using REPL
Base.REPL_MODULE_REF[] = REPL
Mod = @eval module $(gensym("anon_module")) end
# Include into anonymous module to not polute namespace
Mod.include("/root/.julia/packages/PackageCompiler/CJQcs/sysimg/precompile.jl")
Base._atexit() # run all exit hooks we registered during precompile
empty!(Base.atexit_hooks) # don't serialize the exit hooks we run + added
# atexit_hook_copy should be empty, but who knows what base will do in the future
append!(Base.atexit_hooks, atexit_hook_copy)

â”Œ Info: activating new environment at ~/.julia/packages/PackageCompiler/CJQcs/packages/Project.toml.
â”” @ Pkg.API /buildworker/worker/package_linux64/build/usr/share/julia/stdlib/v1.0/Pkg/src/API.jl:605
  Updating registry at `~/.julia/registries/General`
  Updating git-repo `https://github.com/JuliaRegistries/General.git`
[?25l[2K[?25hâ”Œ Warning: Some registries failed to update:
â”‚     â€” /root/.julia/registries/General â€” failed to fetch from repo
â”” @ Pkg.API /buildworker/worker/package_linux64/build/usr/share/julia/stdlib/v1.0/Pkg/src/API.jl:162
fatal: error thrown and no exception handler available.
ErrorException("Task cannot be serialized")
rec_backtrace at /buildworker/worker/package_linux64/build/src/stackwalk.c:94
record_backtrace at /buildworker/worker/package_linux64/build/src/task.c:246
jl_throw at /buildworker/worker/package_linux64/build/src/task.c:577
jl_error at /buildworker/worker/package_linux64/build/src/rtutils.c:41
jl_serialize_value_ at /buildworker/worker/package_linux64/build/src/staticdata.c:293
jl_serialize_value_ at /buildworker/worker/package_linux64/build/src/staticdata.c:285
jl_serialize_value_ at /buildworker/worker/package_linux64/build/src/julia.h:894 [inlined]
jl_serialize_module at /buildworker/worker/package_linux64/build/src/staticdata.c:229 [inlined]
jl_serialize_value_ at /buildworker/worker/package_linux64/build/src/staticdata.c:290
jl_serialize_value_ at /buildworker/worker/package_linux64/build/src/staticdata.c:251 [inlined]
jl_serialize_value_ at /buildworker/worker/package_linux64/build/src/staticdata.c:302
jl_serialize_value_ at /buildworker/worker/package_linux64/build/src/staticdata.c:251 [inlined]
jl_serialize_value_ at /buildworker/worker/package_linux64/build/src/staticdata.c:302
jl_serialize_value_ at /buildworker/worker/package_linux64/build/src/staticdata.c:285
jl_serialize_value_ at /buildworker/worker/package_linux64/build/src/staticdata.c:251 [inlined]
jl_serialize_value_ at /buildworker/worker/package_linux64/build/src/staticdata.c:302
jl_serialize_value_ at /buildworker/worker/package_linux64/build/src/staticdata.c:251 [inlined]
jl_serialize_value_ at /buildworker/worker/package_linux64/build/src/staticdata.c:302
jl_serialize_value_ at /buildworker/worker/package_linux64/build/src/staticdata.c:251 [inlined]
jl_serialize_value_ at /buildworker/worker/package_linux64/build/src/staticdata.c:302
jl_serialize_value_ at /buildworker/worker/package_linux64/build/src/staticdata.c:251 [inlined]
jl_serialize_value_ at /buildworker/worker/package_linux64/build/src/staticdata.c:302
jl_serialize_value_ at /buildworker/worker/package_linux64/build/src/staticdata.c:251 [inlined]
jl_serialize_value_ at /buildworker/worker/package_linux64/build/src/staticdata.c:302
jl_serialize_value_ at /buildworker/worker/package_linux64/build/src/staticdata.c:251 [inlined]
jl_serialize_value_ at /buildworker/worker/package_linux64/build/src/staticdata.c:302
jl_serialize_value_ at /buildworker/worker/package_linux64/build/src/julia.h:894 [inlined]
jl_serialize_module at /buildworker/worker/package_linux64/build/src/staticdata.c:229 [inlined]
jl_serialize_value_ at /buildworker/worker/package_linux64/build/src/staticdata.c:290
jl_serialize_value_ at /buildworker/worker/package_linux64/build/src/julia.h:894 [inlined]
jl_serialize_module at /buildworker/worker/package_linux64/build/src/staticdata.c:221 [inlined]
jl_serialize_value_ at /buildworker/worker/package_linux64/build/src/staticdata.c:290
jl_serialize_value_ at /buildworker/worker/package_linux64/build/src/staticdata.c:336 [inlined]
jl_save_system_image_to_stream at /buildworker/worker/package_linux64/build/src/staticdata.c:1273
jl_create_system_image at /buildworker/worker/package_linux64/build/src/staticdata.c:1378
jl_write_compiler_output at /buildworker/worker/package_linux64/build/src/precompile.c:68
jl_atexit_hook at /buildworker/worker/package_linux64/build/src/init.c:233
main at /buildworker/worker/package_linux64/build/ui/repl.c:234
__libc_start_main at /lib/x86_64-linux-gnu/libc.so.6 (unknown line)
_start at /opt/julia/bin/julia (unknown line)
FixedPointNumbers: Error During Test at /root/.julia/packages/PackageCompiler/CJQcs/test/runtests.jl:4
  Got exception outside of a @test
  failed process: Process(`/opt/julia/bin/julia --sysimage=/root/.julia/packages/PackageCompiler/CJQcs/sysimg/backup/native/sys.so --output-o=sys.a --track-allocation=none --code-coverage=none --history-file=yes --inline=yes --math-mode=ieee --startup-file=no --compile=yes --track-allocation=none --sysimage-native-code=yes --sysimage=/opt/julia/lib/julia/sys.so --compiled-modules=yes --optimize=2 /root/.julia/packages/PackageCompiler/CJQcs/sysimg/run_julia_code.jl`, ProcessExited(1)) [1]
  Stacktrace:
   [1] error(::String, ::Base.Process, ::String, ::Int64, ::String) at ./error.jl:42
   [2] pipeline_error at ./process.jl:705 [inlined]
   [3] #run#505(::Bool, ::Function, ::Cmd) at ./process.jl:663
   [4] run at ./process.jl:661 [inlined]
   [5] #run_julia#1 at /root/.julia/packages/PackageCompiler/CJQcs/src/compiler_flags.jl:225 [inlined]
   [6] #run_julia at ./none:0 [inlined]
   [7] (::getfield(PackageCompiler, Symbol("##13#14")){Base.Iterators.Pairs{Symbol,Any,NTuple{14,Symbol},NamedTuple{(:sysimage, :startup_file, :handle_signals, :sysimage_native_code, :compiled_modules, :depwarn, :warn_overwrite, :compile, :cpu_target, :optimize, :debug_level, :inline, :check_bounds, :math_mode),Tuple{String,Nothing,Nothing,Nothing,Nothing,Nothing,Nothing,Nothing,Nothing,Nothing,Nothing,Nothing,Nothing,Nothing}}},String})() at /root/.julia/packages/PackageCompiler/CJQcs/src/static_julia.jl:263
   [8] cd(::getfield(PackageCompiler, Symbol("##13#14")){Base.Iterators.Pairs{Symbol,Any,NTuple{14,Symbol},NamedTuple{(:sysimage, :startup_file, :handle_signals, :sysimage_native_code, :compiled_modules, :depwarn, :warn_overwrite, :compile, :cpu_target, :optimize, :debug_level, :inline, :check_bounds, :math_mode),Tuple{String,Nothing,Nothing,Nothing,Nothing,Nothing,Nothing,Nothing,Nothing,Nothing,Nothing,Nothing,Nothing,Nothing}}},String}, ::String) at ./file.jl:96
   [9] #build_object#12(::Base.Iterators.Pairs{Symbol,Any,NTuple{14,Symbol},NamedTuple{(:sysimage, :startup_file, :handle_signals, :sysimage_native_code, :compiled_modules, :depwarn, :warn_overwrite, :compile, :cpu_target, :optimize, :debug_level, :inline, :check_bounds, :math_mode),Tuple{String,Nothing,Nothing,Nothing,Nothing,Nothing,Nothing,Nothing,Nothing,Nothing,Nothing,Nothing,Nothing,Nothing}}}, ::Function, ::String, ::String, ::String, ::Bool) at /root/.julia/packages/PackageCompiler/CJQcs/src/static_julia.jl:262
   [10] build_object(::String, ::String, ::String, ::Bool, ::String, ::Nothing, ::Nothing, ::Nothing, ::Nothing, ::Nothing, ::Nothing, ::Nothing, ::Nothing, ::Nothing, ::Nothing, ::Nothing, ::Nothing, ::Nothing, ::Nothing) at ./none:0
   [11] #static_julia#5(::Nothing, ::Bool, ::Bool, ::String, ::String, ::Nothing, ::Bool, ::Bool, ::Bool, ::Bool, ::Bool, ::Bool, ::Bool, ::Bool, ::Nothing, ::Bool, ::Bool, ::String, ::Nothing, ::Nothing, ::Nothing, ::Nothing, ::Nothing, ::Nothing, ::Nothing, ::Nothing, ::Nothing, ::Nothing, ::Nothing, ::Nothing, ::Nothing, ::Nothing, ::Nothing, ::Nothing, ::typeof(static_julia), ::String) at /root/.julia/packages/PackageCompiler/CJQcs/src/static_julia.jl:162
   [12] #static_julia at ./none:0 [inlined]
   [13] #build_sysimg#29(::Bool, ::Bool, ::Bool, ::Nothing, ::Nothing, ::Nothing, ::Nothing, ::Nothing, ::Nothing, ::Nothing, ::Nothing, ::Nothing, ::Nothing, ::Nothing, ::Nothing, ::Nothing, ::Nothing, ::Nothing, ::Nothing, ::typeof(PackageCompiler.build_sysimg), ::String, ::String) at /root/.julia/packages/PackageCompiler/CJQcs/src/api.jl:25
   [14] #build_sysimg at ./none:0 [inlined]
   [15] #compile_package#67(::Bool, ::Bool, ::Bool, ::Nothing, ::Bool, ::Function, ::Tuple{String,String}) at /root/.julia/packages/PackageCompiler/CJQcs/src/PackageCompiler.jl:132
   [16] #compile_package at ./none:0 [inlined]
   [17] #compile_package#64 at /root/.julia/packages/PackageCompiler/CJQcs/src/PackageCompiler.jl:96 [inlined]
   [18] (::getfield(PackageCompiler, Symbol("#kw##compile_package")))(::NamedTuple{(:verbose,),Tuple{Bool}}, ::typeof(compile_package), ::String) at ./none:0
   [19] macro expansion at /root/.julia/packages/PackageCompiler/CJQcs/test/runtests.jl:5 [inlined]
   [20] macro expansion at /buildworker/worker/package_linux64/build/usr/share/julia/stdlib/v1.0/Test/src/Test.jl:1083 [inlined]
   [21] macro expansion at /root/.julia/packages/PackageCompiler/CJQcs/test/runtests.jl:5 [inlined]
   [22] macro expansion at /buildworker/worker/package_linux64/build/usr/share/julia/stdlib/v1.0/Test/src/Test.jl:1083 [inlined]
   [23] top-level scope at /root/.julia/packages/PackageCompiler/CJQcs/test/runtests.jl:4
   [24] include at ./boot.jl:317 [inlined]
   [25] include_relative(::Module, ::String) at ./loading.jl:1044
   [26] include(::Module, ::String) at ./sysimg.jl:29
   [27] include(::String) at ./client.jl:392
   [28] top-level scope at none:0
   [29] eval(::Module, ::Any) at ./boot.jl:319
   [30] exec_options(::Base.JLOptions) at ./client.jl:243
   [31] _start() at ./client.jl:425
  Updating registry at `~/.julia/registries/General`
  Updating git-repo `https://github.com/JuliaRegistries/General.git`
[?25l[2K[?25hâ”Œ Warning: Some registries failed to update:
â”‚     â€” /root/.julia/registries/General â€” failed to fetch from repo
â”” @ Pkg.API /buildworker/worker/package_linux64/build/usr/share/julia/stdlib/v1.0/Pkg/src/API.jl:162
 Resolving package versions...
  Updating `~/.julia/packages/PackageCompiler/CJQcs/packages/FixedPointNumbers/Project.toml`
 [no changes]
 Resolving package versions...
  Updating `~/.julia/packages/PackageCompiler/CJQcs/packages/FixedPointNumbers/Project.toml`
  [9b87118b] + PackageCompiler v0.6.4
  [44cfe95a] + Pkg 
  Updating `~/.julia/packages/PackageCompiler/CJQcs/packages/FixedPointNumbers/Manifest.toml`
  [9e28174c] + BinDeps v0.8.10
  [b99e7846] + BinaryProvider v0.5.8
  [e1450e63] + BufferedStreams v1.0.0
  [34da2185] + Compat v2.2.0
  [0862f596] + HTTPClient v0.2.1
  [b27032c2] + LibCURL v0.5.2
  [522f3ed2] + LibExpat v0.5.0
  [2ec943e9] + Libz v1.0.0
  [9b87118b] + PackageCompiler v0.6.4
  [30578b45] + URIParser v0.4.0
  [c17dfb99] + WinRPM v0.4.2
  [2a0f44e3] + Base64 
  [ade2ca70] + Dates 
  [8bb1440f] + DelimitedFiles 
  [8ba89e20] + Distributed 
  [b77e0a4c] + InteractiveUtils 
  [76f85450] + LibGit2 
  [8f399da3] + Libdl 
  [37e2e46d] + LinearAlgebra 
  [56ddb016] + Logging 
  [d6f4376e] + Markdown 
  [a63ad114] + Mmap 
  [44cfe95a] + Pkg 
  [de0858da] + Printf 
  [3fa0cd96] + REPL 
  [9a3f8284] + Random 
  [ea8e919c] + SHA 
  [9e88b42a] + Serialization 
  [1a1011a3] + SharedArrays 
  [6462fe0b] + Sockets 
  [2f01184e] + SparseArrays 
  [10745b16] + Statistics 
  [8dfed614] + Test 
  [cf7118a7] + UUIDs 
  [4ec0a83e] + Unicode 
[ Info: activating new environment at ~/.julia/packages/PackageCompiler/CJQcs/packages/FixedPointNumbers/Project.toml.
  Updating registry at `~/.julia/registries/General`
  Updating git-repo `https://github.com/JuliaRegistries/General.git`
[?25l[2K[?25hâ”Œ Warning: Some registries failed to update:
â”‚     â€” /root/.julia/registries/General â€” failed to fetch from repo
â”” @ Pkg.API /buildworker/worker/package_linux64/build/usr/share/julia/stdlib/v1.0/Pkg/src/API.jl:162
Skipping Base.active_repl
Skipping Base.active_repl_backend
Test Summary: |     Pass     Total
normed        | 63739463  63739463
Test Summary: |   Pass   Total
fixed         | 425852  425852
Test Summary: | Pass  Total
traits        |  251    251
[ Info: used 1841 out of 1841 precompile statements
  Updating registry at `~/.julia/registries/General`
  Updating git-repo `https://github.com/JuliaRegistries/General.git`
[?25l[2K[?25hâ”Œ Warning: Some registries failed to update:
â”‚     â€” /root/.julia/registries/General â€” failed to fetch from repo
â”” @ Pkg.API /buildworker/worker/package_linux64/build/usr/share/julia/stdlib/v1.0/Pkg/src/API.jl:162
 Resolving package versions...
  Updating `~/.julia/packages/PackageCompiler/CJQcs/packages/ColorTypes/Project.toml`
  [53c48c17] + FixedPointNumbers v0.6.1
  [9a3f8284] + Random 
  Updating `~/.julia/packages/PackageCompiler/CJQcs/packages/ColorTypes/Manifest.toml`
  [53c48c17] + FixedPointNumbers v0.6.1
  [9a3f8284] + Random 
  [9e88b42a] + Serialization 
 Resolving package versions...
  Updating `~/.julia/packages/PackageCompiler/CJQcs/packages/ColorTypes/Project.toml`
  [9b87118b] + PackageCompiler v0.6.4
  [44cfe95a] + Pkg 
  Updating `~/.julia/packages/PackageCompiler/CJQcs/packages/ColorTypes/Manifest.toml`
  [9e28174c] + BinDeps v0.8.10
  [b99e7846] + BinaryProvider v0.5.8
  [e1450e63] + BufferedStreams v1.0.0
  [34da2185] + Compat v2.2.0
  [0862f596] + HTTPClient v0.2.1
  [b27032c2] + LibCURL v0.5.2
  [522f3ed2] + LibExpat v0.5.0
  [2ec943e9] + Libz v1.0.0
  [9b87118b] + PackageCompiler v0.6.4
  [30578b45] + URIParser v0.4.0
  [c17dfb99] + WinRPM v0.4.2
  [2a0f44e3] + Base64 
  [ade2ca70] + Dates 
  [8bb1440f] + DelimitedFiles 
  [8ba89e20] + Distributed 
  [b77e0a4c] + InteractiveUtils 
  [76f85450] + LibGit2 
  [8f399da3] + Libdl 
  [37e2e46d] + LinearAlgebra 
  [56ddb016] + Logging 
  [d6f4376e] + Markdown 
  [a63ad114] + Mmap 
  [44cfe95a] + Pkg 
  [de0858da] + Printf 
  [3fa0cd96] + REPL 
  [ea8e919c] + SHA 
  [1a1011a3] + SharedArrays 
  [6462fe0b] + Sockets 
  [2f01184e] + SparseArrays 
  [10745b16] + Statistics 
  [8dfed614] + Test 
  [cf7118a7] + UUIDs 
  [4ec0a83e] + Unicode 
[ Info: activating new environment at ~/.julia/packages/PackageCompiler/CJQcs/packages/ColorTypes/Project.toml.
  Updating registry at `~/.julia/registries/General`
  Updating git-repo `https://github.com/JuliaRegistries/General.git`
[?25l[2K[?25hâ”Œ Warning: Some registries failed to update:
â”‚     â€” /root/.julia/registries/General â€” failed to fetch from repo
â”” @ Pkg.API /buildworker/worker/package_linux64/build/usr/share/julia/stdlib/v1.0/Pkg/src/API.jl:162
Skipping Base.active_repl
Skipping Base.active_repl_backend
Test Summary: | Pass  Total
ColorTypes    | 4188   4188
[ Info: used 4646 out of 4646 precompile statements
Julia program file:
  "/root/.julia/packages/PackageCompiler/CJQcs/sysimg/precompile.jl"
Build directory:
  "/root/.julia/packages/PackageCompiler/CJQcs/sysimg"
Build static library "sys.a":
  atexit_hook_copy = copy(Base.atexit_hooks) # make backup
# clean state so that any package we use can carelessly call atexit
empty!(Base.atexit_hooks)
Base.__init__()
Sys.__init__() #fix https://github.com/JuliaLang/julia/issues/30479
using REPL
Base.REPL_MODULE_REF[] = REPL
Mod = @eval module $(gensym("anon_module")) end
# Include into anonymous module to not polute namespace
Mod.include("/root/.julia/packages/PackageCompiler/CJQcs/sysimg/precompile.jl")
Base._atexit() # run all exit hooks we registered during precompile
empty!(Base.atexit_hooks) # don't serialize the exit hooks we run + added
# atexit_hook_copy should be empty, but who knows what base will do in the future
append!(Base.atexit_hooks, atexit_hook_copy)

â”Œ Info: activating new environment at ~/.julia/packages/PackageCompiler/CJQcs/packages/Project.toml.
â”” @ Pkg.API /buildworker/worker/package_linux64/build/usr/share/julia/stdlib/v1.0/Pkg/src/API.jl:605
  Updating registry at `~/.julia/registries/General`
  Updating git-repo `https://github.com/JuliaRegistries/General.git`
[?25l[2K[?25hâ”Œ Warning: Some registries failed to update:
â”‚     â€” /root/.julia/registries/General â€” failed to fetch from repo
â”” @ Pkg.API /buildworker/worker/package_linux64/build/usr/share/julia/stdlib/v1.0/Pkg/src/API.jl:162
fatal: error thrown and no exception handler available.
ErrorException("Task cannot be serialized")
rec_backtrace at /buildworker/worker/package_linux64/build/src/stackwalk.c:94
record_backtrace at /buildworker/worker/package_linux64/build/src/task.c:246
jl_throw at /buildworker/worker/package_linux64/build/src/task.c:577
jl_error at /buildworker/worker/package_linux64/build/src/rtutils.c:41
jl_serialize_value_ at /buildworker/worker/package_linux64/build/src/staticdata.c:293
jl_serialize_value_ at /buildworker/worker/package_linux64/build/src/staticdata.c:285
jl_serialize_value_ at /buildworker/worker/package_linux64/build/src/julia.h:894 [inlined]
jl_serialize_module at /buildworker/worker/package_linux64/build/src/staticdata.c:229 [inlined]
jl_serialize_value_ at /buildworker/worker/package_linux64/build/src/staticdata.c:290
jl_serialize_module at /buildworker/worker/package_linux64/build/src/julia.h:894 [inlined]
jl_serialize_value_ at /buildworker/worker/package_linux64/build/src/staticdata.c:290
jl_serialize_value_ at /buildworker/worker/package_linux64/build/src/julia.h:894 [inlined]
jl_serialize_module at /buildworker/worker/package_linux64/build/src/staticdata.c:229 [inlined]
jl_serialize_value_ at /buildworker/worker/package_linux64/build/src/staticdata.c:290
jl_serialize_value_ at /buildworker/worker/package_linux64/build/src/julia.h:894 [inlined]
jl_serialize_module at /buildworker/worker/package_linux64/build/src/staticdata.c:221 [inlined]
jl_serialize_value_ at /buildworker/worker/package_linux64/build/src/staticdata.c:290
jl_serialize_value_ at /buildworker/worker/package_linux64/build/src/staticdata.c:336 [inlined]
jl_save_system_image_to_stream at /buildworker/worker/package_linux64/build/src/staticdata.c:1273
jl_create_system_image at /buildworker/worker/package_linux64/build/src/staticdata.c:1378
jl_write_compiler_output at /buildworker/worker/package_linux64/build/src/precompile.c:68
jl_atexit_hook at /buildworker/worker/package_linux64/build/src/init.c:233
main at /buildworker/worker/package_linux64/build/ui/repl.c:234
__libc_start_main at /lib/x86_64-linux-gnu/libc.so.6 (unknown line)
_start at /opt/julia/bin/julia (unknown line)
FixedPointNumbers ColorTypes: Error During Test at /root/.julia/packages/PackageCompiler/CJQcs/test/runtests.jl:12
  Got exception outside of a @test
  failed process: Process(`/opt/julia/bin/julia --sysimage=/root/.julia/packages/PackageCompiler/CJQcs/sysimg/backup/native/sys.so --output-o=sys.a --track-allocation=none --code-coverage=none --history-file=yes --inline=yes --math-mode=ieee --startup-file=no --compile=yes --track-allocation=none --sysimage-native-code=yes --sysimage=/opt/julia/lib/julia/sys.so --compiled-modules=yes --optimize=2 /root/.julia/packages/PackageCompiler/CJQcs/sysimg/run_julia_code.jl`, ProcessExited(1)) [1]
  Stacktrace:
   [1] error(::String, ::Base.Process, ::String, ::Int64, ::String) at ./error.jl:42
   [2] pipeline_error at ./process.jl:705 [inlined]
   [3] #run#505(::Bool, ::Function, ::Cmd) at ./process.jl:663
   [4] run at ./process.jl:661 [inlined]
   [5] #run_julia#1 at /root/.julia/packages/PackageCompiler/CJQcs/src/compiler_flags.jl:225 [inlined]
   [6] #run_julia at ./none:0 [inlined]
   [7] (::getfield(PackageCompiler, Symbol("##13#14")){Base.Iterators.Pairs{Symbol,Any,NTuple{14,Symbol},NamedTuple{(:sysimage, :startup_file, :handle_signals, :sysimage_native_code, :compiled_modules, :depwarn, :warn_overwrite, :compile, :cpu_target, :optimize, :debug_level, :inline, :check_bounds, :math_mode),Tuple{String,Nothing,Nothing,Nothing,Nothing,Nothing,Nothing,Nothing,Nothing,Nothing,Nothing,Nothing,Nothing,Nothing}}},String})() at /root/.julia/packages/PackageCompiler/CJQcs/src/static_julia.jl:263
   [8] cd(::getfield(PackageCompiler, Symbol("##13#14")){Base.Iterators.Pairs{Symbol,Any,NTuple{14,Symbol},NamedTuple{(:sysimage, :startup_file, :handle_signals, :sysimage_native_code, :compiled_modules, :depwarn, :warn_overwrite, :compile, :cpu_target, :optimize, :debug_level, :inline, :check_bounds, :math_mode),Tuple{String,Nothing,Nothing,Nothing,Nothing,Nothing,Nothing,Nothing,Nothing,Nothing,Nothing,Nothing,Nothing,Nothing}}},String}, ::String) at ./file.jl:96
   [9] #build_object#12(::Base.Iterators.Pairs{Symbol,Any,NTuple{14,Symbol},NamedTuple{(:sysimage, :startup_file, :handle_signals, :sysimage_native_code, :compiled_modules, :depwarn, :warn_overwrite, :compile, :cpu_target, :optimize, :debug_level, :inline, :check_bounds, :math_mode),Tuple{String,Nothing,Nothing,Nothing,Nothing,Nothing,Nothing,Nothing,Nothing,Nothing,Nothing,Nothing,Nothing,Nothing}}}, ::Function, ::String, ::String, ::String, ::Bool) at /root/.julia/packages/PackageCompiler/CJQcs/src/static_julia.jl:262
   [10] build_object(::String, ::String, ::String, ::Bool, ::String, ::Nothing, ::Nothing, ::Nothing, ::Nothing, ::Nothing, ::Nothing, ::Nothing, ::Nothing, ::Nothing, ::Nothing, ::Nothing, ::Nothing, ::Nothing, ::Nothing) at ./none:0
   [11] #static_julia#5(::Nothing, ::Bool, ::Bool, ::String, ::String, ::Nothing, ::Bool, ::Bool, ::Bool, ::Bool, ::Bool, ::Bool, ::Bool, ::Bool, ::Nothing, ::Bool, ::Bool, ::String, ::Nothing, ::Nothing, ::Nothing, ::Nothing, ::Nothing, ::Nothing, ::Nothing, ::Nothing, ::Nothing, ::Nothing, ::Nothing, ::Nothing, ::Nothing, ::Nothing, ::Nothing, ::Nothing, ::typeof(static_julia), ::String) at /root/.julia/packages/PackageCompiler/CJQcs/src/static_julia.jl:162
   [12] #static_julia at ./none:0 [inlined]
   [13] #build_sysimg#29(::Bool, ::Bool, ::Bool, ::Nothing, ::Nothing, ::Nothing, ::Nothing, ::Nothing, ::Nothing, ::Nothing, ::Nothing, ::Nothing, ::Nothing, ::Nothing, ::Nothing, ::Nothing, ::Nothing, ::Nothing, ::Nothing, ::typeof(PackageCompiler.build_sysimg), ::String, ::String) at /root/.julia/packages/PackageCompiler/CJQcs/src/api.jl:25
   [14] #build_sysimg at ./none:0 [inlined]
   [15] #compile_package#67(::Bool, ::Bool, ::Bool, ::Nothing, ::Bool, ::Function, ::Tuple{String,String}, ::Vararg{Tuple{String,String},N} where N) at /root/.julia/packages/PackageCompiler/CJQcs/src/PackageCompiler.jl:132
   [16] (::getfield(PackageCompiler, Symbol("#kw##compile_package")))(::NamedTuple{(:verbose,),Tuple{Bool}}, ::typeof(compile_package), ::Tuple{String,String}, ::Vararg{Tuple{String,String},N} where N) at ./none:0
   [17] #compile_package#64(::Base.Iterators.Pairs{Symbol,Bool,Tuple{Symbol},NamedTuple{(:verbose,),Tuple{Bool}}}, ::Function, ::String, ::Vararg{String,N} where N) at /root/.julia/packages/PackageCompiler/CJQcs/src/PackageCompiler.jl:96
   [18] (::getfield(PackageCompiler, Symbol("#kw##compile_package")))(::NamedTuple{(:verbose,),Tuple{Bool}}, ::typeof(compile_package), ::String, ::Vararg{String,N} where N) at ./none:0
   [19] macro expansion at /root/.julia/packages/PackageCompiler/CJQcs/test/runtests.jl:13 [inlined]
   [20] macro expansion at /buildworker/worker/package_linux64/build/usr/share/julia/stdlib/v1.0/Test/src/Test.jl:1083 [inlined]
   [21] macro expansion at /root/.julia/packages/PackageCompiler/CJQcs/test/runtests.jl:13 [inlined]
   [22] macro expansion at /buildworker/worker/package_linux64/build/usr/share/julia/stdlib/v1.0/Test/src/Test.jl:1083 [inlined]
   [23] top-level scope at /root/.julia/packages/PackageCompiler/CJQcs/test/runtests.jl:4
   [24] include at ./boot.jl:317 [inlined]
   [25] include_relative(::Module, ::String) at ./loading.jl:1044
   [26] include(::Module, ::String) at ./sysimg.jl:29
   [27] include(::String) at ./client.jl:392
   [28] top-level scope at none:0
   [29] eval(::Module, ::Any) at ./boot.jl:319
   [30] exec_options(::Base.JLOptions) at ./client.jl:243
   [31] _start() at ./client.jl:425
Test Summary:                  | Error  Total
compilage_package              |     2      2
  FixedPointNumbers            |     1      1
  FixedPointNumbers ColorTypes |     1      1
ERROR: LoadError: Some tests did not pass: 0 passed, 0 failed, 2 errored, 0 broken.
in expression starting at /root/.julia/packages/PackageCompiler/CJQcs/test/runtests.jl:3
ERROR: Package PackageCompiler errored during testing
Stacktrace:
 [1] pkgerror(::String, ::Vararg{String,N} where N) at /buildworker/worker/package_linux64/build/usr/share/julia/stdlib/v1.0/Pkg/src/Types.jl:120
 [2] #test#65(::Bool, ::Function, ::Pkg.Types.Context, ::Array{Pkg.Types.PackageSpec,1}) at /buildworker/worker/package_linux64/build/usr/share/julia/stdlib/v1.0/Pkg/src/Operations.jl:1357
 [3] #test at /buildworker/worker/package_linux64/build/usr/share/julia/stdlib/v1.0/Pkg/src/API.jl:0 [inlined]
 [4] #test#44(::Bool, ::Base.Iterators.Pairs{Union{},Union{},Tuple{},NamedTuple{(),Tuple{}}}, ::Function, ::Pkg.Types.Context, ::Array{Pkg.Types.PackageSpec,1}) at /buildworker/worker/package_linux64/build/usr/share/julia/stdlib/v1.0/Pkg/src/API.jl:278
 [5] test at /buildworker/worker/package_linux64/build/usr/share/julia/stdlib/v1.0/Pkg/src/API.jl:263 [inlined]
 [6] #test#43 at /buildworker/worker/package_linux64/build/usr/share/julia/stdlib/v1.0/Pkg/src/API.jl:260 [inlined]
 [7] test at /buildworker/worker/package_linux64/build/usr/share/julia/stdlib/v1.0/Pkg/src/API.jl:260 [inlined]
 [8] #test#42 at /buildworker/worker/package_linux64/build/usr/share/julia/stdlib/v1.0/Pkg/src/API.jl:259 [inlined]
 [9] test at /buildworker/worker/package_linux64/build/usr/share/julia/stdlib/v1.0/Pkg/src/API.jl:259 [inlined]
 [10] #test#41 at /buildworker/worker/package_linux64/build/usr/share/julia/stdlib/v1.0/Pkg/src/API.jl:258 [inlined]
 [11] test(::String) at /buildworker/worker/package_linux64/build/usr/share/julia/stdlib/v1.0/Pkg/src/API.jl:258
 [12] top-level scope at none:0
