 Resolving package versions...
 Installed AbstractLattices ─ v0.1.2
 Installed DirectSum ──────── v0.4.2
 Installed AbstractTensors ── v0.3.0
 Installed ReduceLinAlg ───── v0.1.0
 Installed ForceImport ────── v0.0.3
 Installed SyntaxTree ─────── v1.0.1
 Installed StaticArrays ───── v0.12.1
 Installed Reduce ─────────── v1.2.3
 Installed Leibniz ────────── v0.0.3
  Updating `~/.julia/environments/v1.4/Project.toml`
  [bfcbc1eb] + ReduceLinAlg v0.1.0
  Updating `~/.julia/environments/v1.4/Manifest.toml`
  [398f06c4] + AbstractLattices v0.1.2
  [a8e43f4a] + AbstractTensors v0.3.0
  [22fd7b30] + DirectSum v0.4.2
  [9dda63f9] + ForceImport v0.0.3
  [edad4870] + Leibniz v0.0.3
  [93e0c654] + Reduce v1.2.3
  [bfcbc1eb] + ReduceLinAlg v0.1.0
  [90137ffa] + StaticArrays v0.12.1
  [a4af3ec5] + SyntaxTree v1.0.1
  [2a0f44e3] + Base64 
  [8ba89e20] + Distributed 
  [b77e0a4c] + InteractiveUtils 
  [8f399da3] + Libdl 
  [37e2e46d] + LinearAlgebra 
  [56ddb016] + Logging 
  [d6f4376e] + Markdown 
  [3fa0cd96] + REPL 
  [9a3f8284] + Random 
  [9e88b42a] + Serialization 
  [6462fe0b] + Sockets 
  [2f01184e] + SparseArrays 
  [10745b16] + Statistics 
  [8dfed614] + Test 
  Building Reduce → `~/.julia/packages/Reduce/4dmwd/deps/build.log`
   Testing ReduceLinAlg
 Resolving package versions...
Status `/tmp/jl_VzjQrm/Manifest.toml`
  [398f06c4] AbstractLattices v0.1.2
  [a8e43f4a] AbstractTensors v0.3.0
  [22fd7b30] DirectSum v0.4.2
  [9dda63f9] ForceImport v0.0.3
  [edad4870] Leibniz v0.0.3
  [93e0c654] Reduce v1.2.3
  [bfcbc1eb] ReduceLinAlg v0.1.0
  [90137ffa] StaticArrays v0.12.1
  [a4af3ec5] SyntaxTree v1.0.1
  [2a0f44e3] Base64  [`@stdlib/Base64`]
  [8ba89e20] Distributed  [`@stdlib/Distributed`]
  [b77e0a4c] InteractiveUtils  [`@stdlib/InteractiveUtils`]
  [8f399da3] Libdl  [`@stdlib/Libdl`]
  [37e2e46d] LinearAlgebra  [`@stdlib/LinearAlgebra`]
  [56ddb016] Logging  [`@stdlib/Logging`]
  [d6f4376e] Markdown  [`@stdlib/Markdown`]
  [3fa0cd96] REPL  [`@stdlib/REPL`]
  [9a3f8284] Random  [`@stdlib/Random`]
  [9e88b42a] Serialization  [`@stdlib/Serialization`]
  [6462fe0b] Sockets  [`@stdlib/Sockets`]
  [2f01184e] SparseArrays  [`@stdlib/SparseArrays`]
  [10745b16] Statistics  [`@stdlib/Statistics`]
  [8dfed614] Test  [`@stdlib/Test`]
/root/.julia/packages/Reduce/4dmwd/deps/usr/lib/reduce/cslbuild/csl/reduce: error while loading shared libraries: libXft.so.2: cannot open shared object file: No such file or directory
/root/.julia/packages/Reduce/4dmwd/deps/usr/lib/reduce/cslbuild/csl/reduce: error while loading shared libraries: libXft.so.2: cannot open shared object file: No such file or directory
ERROR: LoadError: InitError: IOError: write: broken pipe (EPIPE)
Stacktrace:
 [1] uv_write(::Base.PipeEndpoint, ::Ptr{UInt8}, ::UInt64) at ./stream.jl:953
 [2] unsafe_write(::Base.PipeEndpoint, ::Ptr{UInt8}, ::UInt64) at ./stream.jl:1007
 [3] unsafe_write at ./io.jl:310 [inlined]
 [4] macro expansion at ./gcutils.jl:105 [inlined]
 [5] write at ./strings/io.jl:186 [inlined]
 [6] clear(::Reduce.PSL) at /root/.julia/packages/Reduce/4dmwd/src/Reduce.jl:76
 [7] write(::Reduce.PSL, ::String) at /root/.julia/packages/Reduce/4dmwd/src/Reduce.jl:83
 [8] rcall(::RExpr; on::Array{Symbol,1}, off::Array{Symbol,1}) at /root/.julia/packages/Reduce/4dmwd/src/rexpr.jl:464
 [9] rcall(::String; on::Array{Symbol,1}, off::Array{Symbol,1}) at /root/.julia/packages/Reduce/4dmwd/src/rexpr.jl:498
 [10] rcall(::String) at /root/.julia/packages/Reduce/4dmwd/src/rexpr.jl:498
 [11] |>(::String, ::typeof(rcall)) at ./operators.jl:823
 [12] load_package at /root/.julia/packages/Reduce/4dmwd/src/Reduce.jl:283 [inlined]
 [13] __init__() at /root/.julia/packages/ReduceLinAlg/cPkDZ/src/ReduceLinAlg.jl:130
 [14] _include_from_serialized(::String, ::Array{Any,1}) at ./loading.jl:690
 [15] _require_from_serialized(::String) at ./loading.jl:741
 [16] _require(::Base.PkgId) at ./loading.jl:1032
 [17] require(::Base.PkgId) at ./loading.jl:920
 [18] require(::Module, ::Symbol) at ./loading.jl:915
 [19] include(::String) at ./client.jl:439
 [20] top-level scope at none:6
during initialization of module ReduceLinAlg
in expression starting at /root/.julia/packages/ReduceLinAlg/cPkDZ/test/runtests.jl:2
ERROR: Package ReduceLinAlg errored during testing
Stacktrace:
 [1] pkgerror(::String, ::Vararg{String,N} where N) at /buildworker/worker/package_linux64/build/usr/share/julia/stdlib/v1.4/Pkg/src/Types.jl:53
 [2] test(::Pkg.Types.Context, ::Array{Pkg.Types.PackageSpec,1}; coverage::Bool, test_fn::Nothing, julia_args::Cmd, test_args::Cmd) at /buildworker/worker/package_linux64/build/usr/share/julia/stdlib/v1.4/Pkg/src/Operations.jl:1379
 [3] test(::Pkg.Types.Context, ::Array{Pkg.Types.PackageSpec,1}; coverage::Bool, test_fn::Nothing, julia_args::Cmd, test_args::Cmd, kwargs::Base.Iterators.Pairs{Union{},Union{},Tuple{},NamedTuple{(),Tuple{}}}) at /buildworker/worker/package_linux64/build/usr/share/julia/stdlib/v1.4/Pkg/src/API.jl:287
 [4] test(::Pkg.Types.Context, ::Array{Pkg.Types.PackageSpec,1}) at /buildworker/worker/package_linux64/build/usr/share/julia/stdlib/v1.4/Pkg/src/API.jl:274
 [5] #test#56 at /buildworker/worker/package_linux64/build/usr/share/julia/stdlib/v1.4/Pkg/src/API.jl:268 [inlined]
 [6] test at /buildworker/worker/package_linux64/build/usr/share/julia/stdlib/v1.4/Pkg/src/API.jl:268 [inlined]
 [7] #test#55 at /buildworker/worker/package_linux64/build/usr/share/julia/stdlib/v1.4/Pkg/src/API.jl:267 [inlined]
 [8] test at /buildworker/worker/package_linux64/build/usr/share/julia/stdlib/v1.4/Pkg/src/API.jl:267 [inlined]
 [9] test(::String; kwargs::Base.Iterators.Pairs{Union{},Union{},Tuple{},NamedTuple{(),Tuple{}}}) at /buildworker/worker/package_linux64/build/usr/share/julia/stdlib/v1.4/Pkg/src/API.jl:266
 [10] test(::String) at /buildworker/worker/package_linux64/build/usr/share/julia/stdlib/v1.4/Pkg/src/API.jl:266
 [11] top-level scope at none:10
